<?xml version="1.0" encoding="UTF-8"?>
<!-- Generated by org.testng.reporters.JUnitReportReporter -->
<testsuite hostname="ASDW0044" name="com.qait.demo.tests.TestLevel1_SnapDeal_Selenium_Imported_From_IDE_Broken_Needs_To_Be_Fixed" tests="1" failures="0" timestamp="22 Oct 2016 07:52:29 GMT" time="46.778" errors="0">
  <testcase name="testECommerceSite" time="46.778" classname="com.qait.demo.tests.TestLevel1_SnapDeal_Selenium_Imported_From_IDE_Broken_Needs_To_Be_Fixed"/>
</testsuite> <!-- com.qait.demo.tests.TestLevel1_SnapDeal_Selenium_Imported_From_IDE_Broken_Needs_To_Be_Fixed -->
